2023-10-05 17:57:19,751 [MainThread] [INFO]  Do you want to establish a TCP/IP connection?? (y/n)
2023-10-05 17:57:21,827 [MainThread] [INFO]  Waiting for TCP/IP connection setup...
2023-10-05 17:57:42,259 [MainThread] [INFO]  starting up on 192.168.4.201 port 25000
2023-10-05 17:57:42,262 [MainThread] [INFO]  Wait...
2023-10-05 17:57:43,267 [MainThread] [INFO]  Searching for devices...
2023-10-05 17:57:44,909 [MainThread] [INFO]  Device found: 39FD4BD4-7DDA-4BE3-82F9-F969E569A119
2023-10-05 17:57:44,931 [MainThread] [INFO]  Connecting to device...
2023-10-05 17:58:12,657 [MainThread] [INFO]  Requesting notification on sensors...
2023-10-05 17:58:17,381 [MainThread] [INFO]  Sensor humidity was already read!
2023-10-05 17:58:18,292 [MainThread] [INFO]  The central will be notified from now on...
2023-10-05 17:58:18,292 [MainThread] [INFO]  <ctrl>+<alt>+n to toggle notifications, <ctrl>+<alt>+p to unpair
2023-10-05 17:58:20,452 [MainThread] [INFO]  Sensor temperature was already read!
2023-10-05 17:58:20,454 [MainThread] [INFO]  Sensor humidity was already read!
2023-10-05 17:59:07,088 [MainThread] [INFO]  Sensor temperature was already read!
2023-10-05 17:59:07,091 [MainThread] [INFO]  Sensor humidity was already read!
2023-10-05 17:59:07,095 [MainThread] [INFO]  Sensor iaq was already read!
2023-10-05 17:59:08,948 [MainThread] [INFO]  Sensor temperature was already read!
2023-10-05 17:59:08,950 [MainThread] [INFO]  Sensor humidity was already read!
2023-10-05 17:59:08,956 [MainThread] [INFO]  Sensor iaq was already read!
2023-10-05 17:59:10,838 [MainThread] [INFO]  Sensor temperature was already read!
2023-10-05 17:59:10,841 [MainThread] [INFO]  Sensor humidity was already read!
2023-10-05 17:59:10,845 [MainThread] [INFO]  Sensor iaq was already read!
2023-10-05 17:59:13,912 [MainThread] [INFO]  Lost connection with 39FD4BD4-7DDA-4BE3-82F9-F969E569A119
2023-10-05 17:59:14,565 [MainThread] [INFO]  Wait...
2023-10-05 17:59:15,571 [MainThread] [INFO]  Searching for devices...
2023-10-05 17:59:25,628 [MainThread] [INFO]  Wait...
2023-10-05 17:59:26,632 [MainThread] [INFO]  Searching for devices...
2023-10-05 17:59:36,671 [MainThread] [INFO]  Wait...
2023-10-05 17:59:37,677 [MainThread] [INFO]  Searching for devices...
2023-10-05 17:59:47,731 [MainThread] [INFO]  Wait...
2023-10-05 17:59:48,736 [MainThread] [INFO]  Searching for devices...
