2023-10-05 17:50:09,403 [MainThread] [INFO]  Do you want to establish a TCP/IP connection?? (y/n)
2023-10-05 17:50:11,450 [MainThread] [INFO]  Waiting for TCP/IP connection setup...
2023-10-05 17:54:30,103 [MainThread] [INFO]  starting up on 192.168.4.201 port 25000
2023-10-05 17:54:30,112 [MainThread] [INFO]  Wait...
2023-10-05 17:54:31,118 [MainThread] [INFO]  Searching for devices...
2023-10-05 17:54:31,285 [MainThread] [INFO]  Device found: 39FD4BD4-7DDA-4BE3-82F9-F969E569A119
2023-10-05 17:54:31,294 [MainThread] [INFO]  Connecting to device...
2023-10-05 17:54:55,885 [MainThread] [INFO]  Requesting notification on sensors...
2023-10-05 17:55:00,654 [MainThread] [INFO]  Sensor humidity was already read!
2023-10-05 17:55:01,579 [MainThread] [INFO]  The central will be notified from now on...
2023-10-05 17:55:01,579 [MainThread] [INFO]  <ctrl>+<alt>+n to toggle notifications, <ctrl>+<alt>+p to unpair
2023-10-05 17:55:02,556 [MainThread] [INFO]  Sensor temperature was already read!
2023-10-05 17:55:02,559 [MainThread] [INFO]  Sensor humidity was already read!
2023-10-05 17:55:08,554 [MainThread] [INFO]  Sensor temperature was already read!
2023-10-05 17:55:08,557 [MainThread] [INFO]  Sensor humidity was already read!
2023-10-05 17:55:08,560 [MainThread] [INFO]  Sensor iaq was already read!
2023-10-05 17:55:10,474 [MainThread] [INFO]  Sensor temperature was already read!
2023-10-05 17:55:10,476 [MainThread] [INFO]  Sensor humidity was already read!
2023-10-05 17:55:10,479 [MainThread] [INFO]  Sensor iaq was already read!
2023-10-05 17:55:12,394 [MainThread] [INFO]  Sensor temperature was already read!
2023-10-05 17:55:12,397 [MainThread] [INFO]  Sensor humidity was already read!
2023-10-05 17:55:12,400 [MainThread] [INFO]  Sensor iaq was already read!
2023-10-05 17:55:14,331 [MainThread] [INFO]  Sensor temperature was already read!
2023-10-05 17:55:14,333 [MainThread] [INFO]  Sensor humidity was already read!
2023-10-05 17:55:14,338 [MainThread] [INFO]  Sensor iaq was already read!
2023-10-05 17:55:16,219 [MainThread] [INFO]  Sensor temperature was already read!
2023-10-05 17:55:16,222 [MainThread] [INFO]  Sensor humidity was already read!
2023-10-05 17:55:16,225 [MainThread] [INFO]  Sensor iaq was already read!
2023-10-05 17:55:18,139 [MainThread] [INFO]  Sensor temperature was already read!
2023-10-05 17:55:18,141 [MainThread] [INFO]  Sensor humidity was already read!
2023-10-05 17:55:18,145 [MainThread] [INFO]  Sensor iaq was already read!
2023-10-05 17:55:20,060 [MainThread] [INFO]  Sensor temperature was already read!
2023-10-05 17:55:20,063 [MainThread] [INFO]  Sensor humidity was already read!
2023-10-05 17:55:20,068 [MainThread] [INFO]  Sensor iaq was already read!
2023-10-05 17:55:22,009 [MainThread] [INFO]  Sensor temperature was already read!
2023-10-05 17:55:22,011 [MainThread] [INFO]  Sensor humidity was already read!
2023-10-05 17:55:22,014 [MainThread] [INFO]  Sensor iaq was already read!
2023-10-05 17:55:23,916 [MainThread] [INFO]  Sensor temperature was already read!
2023-10-05 17:55:23,919 [MainThread] [INFO]  Sensor humidity was already read!
2023-10-05 17:55:23,923 [MainThread] [INFO]  Sensor iaq was already read!
2023-10-05 17:55:25,834 [MainThread] [INFO]  Sensor temperature was already read!
2023-10-05 17:55:25,837 [MainThread] [INFO]  Sensor humidity was already read!
2023-10-05 17:55:25,840 [MainThread] [INFO]  Sensor iaq was already read!
2023-10-05 17:55:27,724 [MainThread] [INFO]  Sensor temperature was already read!
2023-10-05 17:55:27,727 [MainThread] [INFO]  Sensor humidity was already read!
2023-10-05 17:55:27,730 [MainThread] [INFO]  Sensor iaq was already read!
2023-10-05 17:55:29,615 [MainThread] [INFO]  Sensor temperature was already read!
2023-10-05 17:55:29,618 [MainThread] [INFO]  Sensor humidity was already read!
2023-10-05 17:55:29,624 [MainThread] [INFO]  Sensor iaq was already read!
2023-10-05 17:55:31,504 [MainThread] [INFO]  Sensor temperature was already read!
2023-10-05 17:55:31,507 [MainThread] [INFO]  Sensor humidity was already read!
2023-10-05 17:55:31,510 [MainThread] [INFO]  Sensor iaq was already read!
2023-10-05 17:55:33,466 [MainThread] [INFO]  Sensor temperature was already read!
2023-10-05 17:55:33,466 [MainThread] [INFO]  Sensor humidity was already read!
2023-10-05 17:55:33,466 [MainThread] [INFO]  Sensor iaq was already read!
2023-10-05 17:55:36,561 [MainThread] [INFO]  Sensor temperature was already read!
2023-10-05 17:55:36,564 [MainThread] [INFO]  Sensor humidity was already read!
2023-10-05 17:55:36,569 [MainThread] [INFO]  Sensor iaq was already read!
2023-10-05 17:55:37,506 [MainThread] [INFO]  Sensor temperature was already read!
2023-10-05 17:55:37,509 [MainThread] [INFO]  Sensor humidity was already read!
2023-10-05 17:55:37,513 [MainThread] [INFO]  Sensor iaq was already read!
2023-10-05 17:55:39,441 [MainThread] [INFO]  Sensor temperature was already read!
2023-10-05 17:55:39,444 [MainThread] [INFO]  Sensor humidity was already read!
2023-10-05 17:55:39,448 [MainThread] [INFO]  Sensor iaq was already read!
2023-10-05 17:55:41,345 [MainThread] [INFO]  Sensor temperature was already read!
2023-10-05 17:55:41,348 [MainThread] [INFO]  Sensor humidity was already read!
2023-10-05 17:55:41,354 [MainThread] [INFO]  Sensor iaq was already read!
2023-10-05 17:55:43,296 [MainThread] [INFO]  Sensor temperature was already read!
2023-10-05 17:55:43,298 [MainThread] [INFO]  Sensor humidity was already read!
2023-10-05 17:55:43,303 [MainThread] [INFO]  Sensor iaq was already read!
2023-10-05 17:55:45,200 [MainThread] [INFO]  Sensor temperature was already read!
2023-10-05 17:55:45,203 [MainThread] [INFO]  Sensor humidity was already read!
2023-10-05 17:55:45,207 [MainThread] [INFO]  Sensor iaq was already read!
2023-10-05 17:55:47,105 [MainThread] [INFO]  Sensor temperature was already read!
2023-10-05 17:55:47,107 [MainThread] [INFO]  Sensor humidity was already read!
2023-10-05 17:55:47,110 [MainThread] [INFO]  Sensor iaq was already read!
2023-10-05 17:55:48,995 [MainThread] [INFO]  Sensor temperature was already read!
2023-10-05 17:55:48,997 [MainThread] [INFO]  Sensor humidity was already read!
2023-10-05 17:55:49,001 [MainThread] [INFO]  Sensor iaq was already read!
2023-10-05 17:55:50,871 [MainThread] [INFO]  Sensor temperature was already read!
2023-10-05 17:55:50,873 [MainThread] [INFO]  Sensor humidity was already read!
2023-10-05 17:55:50,878 [MainThread] [INFO]  Sensor iaq was already read!
2023-10-05 17:55:52,761 [MainThread] [INFO]  Sensor temperature was already read!
2023-10-05 17:55:52,764 [MainThread] [INFO]  Sensor humidity was already read!
2023-10-05 17:55:52,767 [MainThread] [INFO]  Sensor iaq was already read!
2023-10-05 17:55:54,696 [MainThread] [INFO]  Sensor temperature was already read!
2023-10-05 17:55:54,698 [MainThread] [INFO]  Sensor humidity was already read!
2023-10-05 17:55:54,704 [MainThread] [INFO]  Sensor iaq was already read!
2023-10-05 17:55:56,600 [MainThread] [INFO]  Sensor temperature was already read!
2023-10-05 17:55:56,602 [MainThread] [INFO]  Sensor humidity was already read!
2023-10-05 17:55:56,605 [MainThread] [INFO]  Sensor iaq was already read!
2023-10-05 17:55:58,506 [MainThread] [INFO]  Sensor temperature was already read!
2023-10-05 17:55:58,509 [MainThread] [INFO]  Sensor humidity was already read!
2023-10-05 17:55:58,513 [MainThread] [INFO]  Sensor iaq was already read!
2023-10-05 17:56:00,411 [MainThread] [INFO]  Sensor temperature was already read!
2023-10-05 17:56:00,414 [MainThread] [INFO]  Sensor humidity was already read!
2023-10-05 17:56:00,418 [MainThread] [INFO]  Sensor iaq was already read!
2023-10-05 17:56:02,301 [MainThread] [INFO]  Sensor temperature was already read!
2023-10-05 17:56:02,303 [MainThread] [INFO]  Sensor humidity was already read!
2023-10-05 17:56:02,306 [MainThread] [INFO]  Sensor iaq was already read!
2023-10-05 17:56:04,191 [MainThread] [INFO]  Sensor temperature was already read!
2023-10-05 17:56:04,194 [MainThread] [INFO]  Sensor humidity was already read!
2023-10-05 17:56:04,198 [MainThread] [INFO]  Sensor iaq was already read!
2023-10-05 17:56:07,312 [MainThread] [INFO]  Sensor temperature was already read!
2023-10-05 17:56:07,314 [MainThread] [INFO]  Sensor humidity was already read!
2023-10-05 17:56:07,318 [MainThread] [INFO]  Sensor iaq was already read!
2023-10-05 17:56:08,271 [MainThread] [INFO]  Sensor temperature was already read!
2023-10-05 17:56:08,274 [MainThread] [INFO]  Sensor humidity was already read!
2023-10-05 17:56:08,279 [MainThread] [INFO]  Sensor iaq was already read!
2023-10-05 17:56:10,175 [MainThread] [INFO]  Sensor temperature was already read!
2023-10-05 17:56:10,177 [MainThread] [INFO]  Sensor humidity was already read!
2023-10-05 17:56:10,180 [MainThread] [INFO]  Sensor iaq was already read!
2023-10-05 17:56:12,079 [MainThread] [INFO]  Sensor temperature was already read!
2023-10-05 17:56:12,082 [MainThread] [INFO]  Sensor humidity was already read!
2023-10-05 17:56:12,085 [MainThread] [INFO]  Sensor iaq was already read!
2023-10-05 17:56:13,987 [MainThread] [INFO]  Sensor temperature was already read!
2023-10-05 17:56:13,989 [MainThread] [INFO]  Sensor humidity was already read!
2023-10-05 17:56:13,994 [MainThread] [INFO]  Sensor iaq was already read!
2023-10-05 17:56:15,861 [MainThread] [INFO]  Sensor temperature was already read!
2023-10-05 17:56:15,864 [MainThread] [INFO]  Sensor humidity was already read!
2023-10-05 17:56:15,869 [MainThread] [INFO]  Sensor iaq was already read!
2023-10-05 17:56:17,751 [MainThread] [INFO]  Sensor temperature was already read!
2023-10-05 17:56:17,754 [MainThread] [INFO]  Sensor humidity was already read!
2023-10-05 17:56:17,758 [MainThread] [INFO]  Sensor iaq was already read!
2023-10-05 17:56:19,656 [MainThread] [INFO]  Sensor temperature was already read!
2023-10-05 17:56:19,659 [MainThread] [INFO]  Sensor humidity was already read!
2023-10-05 17:56:19,663 [MainThread] [INFO]  Sensor iaq was already read!
2023-10-05 17:56:21,561 [MainThread] [INFO]  Sensor temperature was already read!
2023-10-05 17:56:21,563 [MainThread] [INFO]  Sensor humidity was already read!
2023-10-05 17:56:21,568 [MainThread] [INFO]  Sensor iaq was already read!
2023-10-05 17:56:23,496 [MainThread] [INFO]  Sensor temperature was already read!
2023-10-05 17:56:23,500 [MainThread] [INFO]  Sensor humidity was already read!
2023-10-05 17:56:23,503 [MainThread] [INFO]  Sensor iaq was already read!
2023-10-05 17:56:25,401 [MainThread] [INFO]  Sensor temperature was already read!
2023-10-05 17:56:25,404 [MainThread] [INFO]  Sensor humidity was already read!
2023-10-05 17:56:25,409 [MainThread] [INFO]  Sensor iaq was already read!
2023-10-05 17:56:27,321 [MainThread] [INFO]  Sensor temperature was already read!
2023-10-05 17:56:27,324 [MainThread] [INFO]  Sensor humidity was already read!
2023-10-05 17:56:27,328 [MainThread] [INFO]  Sensor iaq was already read!
2023-10-05 17:56:29,240 [MainThread] [INFO]  Sensor temperature was already read!
2023-10-05 17:56:29,243 [MainThread] [INFO]  Sensor humidity was already read!
2023-10-05 17:56:29,246 [MainThread] [INFO]  Sensor iaq was already read!
2023-10-05 17:56:31,160 [MainThread] [INFO]  Sensor temperature was already read!
2023-10-05 17:56:31,163 [MainThread] [INFO]  Sensor humidity was already read!
2023-10-05 17:56:31,166 [MainThread] [INFO]  Sensor iaq was already read!
2023-10-05 17:56:33,095 [MainThread] [INFO]  Sensor temperature was already read!
2023-10-05 17:56:33,098 [MainThread] [INFO]  Sensor humidity was already read!
2023-10-05 17:56:33,101 [MainThread] [INFO]  Sensor iaq was already read!
2023-10-05 17:56:35,001 [MainThread] [INFO]  Sensor temperature was already read!
2023-10-05 17:56:35,004 [MainThread] [INFO]  Sensor humidity was already read!
2023-10-05 17:56:35,008 [MainThread] [INFO]  Sensor iaq was already read!
2023-10-05 17:56:38,152 [MainThread] [INFO]  Sensor temperature was already read!
2023-10-05 17:56:38,154 [MainThread] [INFO]  Sensor humidity was already read!
2023-10-05 17:56:38,160 [MainThread] [INFO]  Sensor iaq was already read!
2023-10-05 17:56:39,112 [MainThread] [INFO]  Sensor temperature was already read!
2023-10-05 17:56:39,114 [MainThread] [INFO]  Sensor humidity was already read!
2023-10-05 17:56:39,119 [MainThread] [INFO]  Sensor iaq was already read!
2023-10-05 17:56:41,046 [MainThread] [INFO]  Sensor temperature was already read!
2023-10-05 17:56:41,049 [MainThread] [INFO]  Sensor humidity was already read!
2023-10-05 17:56:41,054 [MainThread] [INFO]  Sensor iaq was already read!
2023-10-05 17:56:42,967 [MainThread] [INFO]  Sensor temperature was already read!
2023-10-05 17:56:42,969 [MainThread] [INFO]  Sensor humidity was already read!
2023-10-05 17:56:42,973 [MainThread] [INFO]  Sensor iaq was already read!
2023-10-05 17:56:44,887 [MainThread] [INFO]  Sensor temperature was already read!
2023-10-05 17:56:44,889 [MainThread] [INFO]  Sensor humidity was already read!
2023-10-05 17:56:44,894 [MainThread] [INFO]  Sensor iaq was already read!
2023-10-05 17:56:46,776 [MainThread] [INFO]  Sensor temperature was already read!
2023-10-05 17:56:46,778 [MainThread] [INFO]  Sensor humidity was already read!
2023-10-05 17:56:46,781 [MainThread] [INFO]  Sensor iaq was already read!
2023-10-05 17:56:48,727 [MainThread] [INFO]  Sensor temperature was already read!
2023-10-05 17:56:48,730 [MainThread] [INFO]  Sensor humidity was already read!
2023-10-05 17:56:48,734 [MainThread] [INFO]  Sensor iaq was already read!
2023-10-05 17:56:50,647 [MainThread] [INFO]  Sensor temperature was already read!
2023-10-05 17:56:50,649 [MainThread] [INFO]  Sensor humidity was already read!
2023-10-05 17:56:50,653 [MainThread] [INFO]  Sensor iaq was already read!
